<?xml version="1.0" encoding="UTF-8"?>
<testsuite xmlns:xsi="http://www.w3.org/2001/XMLSchema-instance" xsi:noNamespaceSchemaLocation="https://maven.apache.org/surefire/maven-surefire-plugin/xsd/surefire-test-report.xsd" name="MyTest" time="4.164" tests="2" errors="0" skipped="0" failures="1">
  <properties>
    <property name="sun.desktop" value="windows"/>
    <property name="awt.toolkit" value="sun.awt.windows.WToolkit"/>
    <property name="file.encoding.pkg" value="sun.io"/>
    <property name="java.specification.version" value="1.8"/>
    <property name="sun.cpu.isalist" value="amd64"/>
    <property name="sun.jnu.encoding" value="Cp1252"/>
    <property name="java.class.path" value="C:\Users\Alexander - PC\Documents\projects\untitled\target\test-classes;C:\Users\Alexander - PC\Documents\projects\untitled\target\classes;C:\Users\Alexander - PC\.m2\repository\org\springframework\boot\spring-boot-starter-web\1.5.9.RELEASE\spring-boot-starter-web-1.5.9.RELEASE.jar;C:\Users\Alexander - PC\.m2\repository\org\springframework\boot\spring-boot-starter\1.5.9.RELEASE\spring-boot-starter-1.5.9.RELEASE.jar;C:\Users\Alexander - PC\.m2\repository\org\springframework\boot\spring-boot\1.5.9.RELEASE\spring-boot-1.5.9.RELEASE.jar;C:\Users\Alexander - PC\.m2\repository\org\springframework\boot\spring-boot-autoconfigure\1.5.9.RELEASE\spring-boot-autoconfigure-1.5.9.RELEASE.jar;C:\Users\Alexander - PC\.m2\repository\org\springframework\boot\spring-boot-starter-logging\1.5.9.RELEASE\spring-boot-starter-logging-1.5.9.RELEASE.jar;C:\Users\Alexander - PC\.m2\repository\ch\qos\logback\logback-classic\1.1.11\logback-classic-1.1.11.jar;C:\Users\Alexander - PC\.m2\repository\ch\qos\logback\logback-core\1.1.11\logback-core-1.1.11.jar;C:\Users\Alexander - PC\.m2\repository\org\slf4j\slf4j-api\1.7.25\slf4j-api-1.7.25.jar;C:\Users\Alexander - PC\.m2\repository\org\slf4j\jcl-over-slf4j\1.7.25\jcl-over-slf4j-1.7.25.jar;C:\Users\Alexander - PC\.m2\repository\org\slf4j\jul-to-slf4j\1.7.25\jul-to-slf4j-1.7.25.jar;C:\Users\Alexander - PC\.m2\repository\org\slf4j\log4j-over-slf4j\1.7.25\log4j-over-slf4j-1.7.25.jar;C:\Users\Alexander - PC\.m2\repository\org\springframework\spring-core\4.3.13.RELEASE\spring-core-4.3.13.RELEASE.jar;C:\Users\Alexander - PC\.m2\repository\org\yaml\snakeyaml\1.17\snakeyaml-1.17.jar;C:\Users\Alexander - PC\.m2\repository\org\springframework\boot\spring-boot-starter-tomcat\1.5.9.RELEASE\spring-boot-starter-tomcat-1.5.9.RELEASE.jar;C:\Users\Alexander - PC\.m2\repository\org\apache\tomcat\embed\tomcat-embed-core\8.5.23\tomcat-embed-core-8.5.23.jar;C:\Users\Alexander - PC\.m2\repository\org\apache\tomcat\tomcat-annotations-api\8.5.23\tomcat-annotations-api-8.5.23.jar;C:\Users\Alexander - PC\.m2\repository\org\apache\tomcat\embed\tomcat-embed-el\8.5.23\tomcat-embed-el-8.5.23.jar;C:\Users\Alexander - PC\.m2\repository\org\apache\tomcat\embed\tomcat-embed-websocket\8.5.23\tomcat-embed-websocket-8.5.23.jar;C:\Users\Alexander - PC\.m2\repository\org\hibernate\hibernate-validator\5.3.6.Final\hibernate-validator-5.3.6.Final.jar;C:\Users\Alexander - PC\.m2\repository\javax\validation\validation-api\1.1.0.Final\validation-api-1.1.0.Final.jar;C:\Users\Alexander - PC\.m2\repository\org\jboss\logging\jboss-logging\3.3.1.Final\jboss-logging-3.3.1.Final.jar;C:\Users\Alexander - PC\.m2\repository\com\fasterxml\classmate\1.3.4\classmate-1.3.4.jar;C:\Users\Alexander - PC\.m2\repository\com\fasterxml\jackson\core\jackson-databind\2.8.10\jackson-databind-2.8.10.jar;C:\Users\Alexander - PC\.m2\repository\com\fasterxml\jackson\core\jackson-annotations\2.8.0\jackson-annotations-2.8.0.jar;C:\Users\Alexander - PC\.m2\repository\com\fasterxml\jackson\core\jackson-core\2.8.10\jackson-core-2.8.10.jar;C:\Users\Alexander - PC\.m2\repository\org\springframework\spring-web\4.3.13.RELEASE\spring-web-4.3.13.RELEASE.jar;C:\Users\Alexander - PC\.m2\repository\org\springframework\spring-beans\4.3.13.RELEASE\spring-beans-4.3.13.RELEASE.jar;C:\Users\Alexander - PC\.m2\repository\org\springframework\spring-context\4.3.13.RELEASE\spring-context-4.3.13.RELEASE.jar;C:\Users\Alexander - PC\.m2\repository\org\springframework\spring-webmvc\4.3.13.RELEASE\spring-webmvc-4.3.13.RELEASE.jar;C:\Users\Alexander - PC\.m2\repository\org\springframework\spring-expression\4.3.13.RELEASE\spring-expression-4.3.13.RELEASE.jar;C:\Users\Alexander - PC\.m2\repository\org\springframework\boot\spring-boot-starter-security\1.5.9.RELEASE\spring-boot-starter-security-1.5.9.RELEASE.jar;C:\Users\Alexander - PC\.m2\repository\org\springframework\spring-aop\4.3.13.RELEASE\spring-aop-4.3.13.RELEASE.jar;C:\Users\Alexander - PC\.m2\repository\org\springframework\security\spring-security-config\4.2.3.RELEASE\spring-security-config-4.2.3.RELEASE.jar;C:\Users\Alexander - PC\.m2\repository\org\springframework\security\spring-security-core\4.2.3.RELEASE\spring-security-core-4.2.3.RELEASE.jar;C:\Users\Alexander - PC\.m2\repository\org\springframework\security\spring-security-web\4.2.3.RELEASE\spring-security-web-4.2.3.RELEASE.jar;C:\Users\Alexander - PC\.m2\repository\org\mongodb\mongodb-driver\3.12.2\mongodb-driver-3.12.2.jar;C:\Users\Alexander - PC\.m2\repository\org\mongodb\bson\3.12.2\bson-3.12.2.jar;C:\Users\Alexander - PC\.m2\repository\org\mongodb\mongodb-driver-core\3.12.2\mongodb-driver-core-3.12.2.jar;C:\Users\Alexander - PC\.m2\repository\org\json\json\20140107\json-20140107.jar;C:\Users\Alexander - PC\.m2\repository\com\googlecode\json-simple\json-simple\1.1.1\json-simple-1.1.1.jar;C:\Users\Alexander - PC\.m2\repository\junit\junit\4.12\junit-4.12.jar;C:\Users\Alexander - PC\.m2\repository\org\hamcrest\hamcrest-core\1.3\hamcrest-core-1.3.jar;C:\Users\Alexander - PC\.m2\repository\io\jsonwebtoken\jjwt\0.9.1\jjwt-0.9.1.jar;C:\Users\Alexander - PC\.m2\repository\javax\xml\bind\jaxb-api\2.4.0-b180830.0359\jaxb-api-2.4.0-b180830.0359.jar;C:\Users\Alexander - PC\.m2\repository\javax\activation\javax.activation-api\1.2.0\javax.activation-api-1.2.0.jar;C:\Users\Alexander - PC\.m2\repository\org\junit\jupiter\junit-jupiter\5.7.0-M1\junit-jupiter-5.7.0-M1.jar;C:\Users\Alexander - PC\.m2\repository\org\junit\jupiter\junit-jupiter-api\5.7.0-M1\junit-jupiter-api-5.7.0-M1.jar;C:\Users\Alexander - PC\.m2\repository\org\opentest4j\opentest4j\1.2.0\opentest4j-1.2.0.jar;C:\Users\Alexander - PC\.m2\repository\org\junit\platform\junit-platform-commons\1.7.0-M1\junit-platform-commons-1.7.0-M1.jar;C:\Users\Alexander - PC\.m2\repository\org\junit\jupiter\junit-jupiter-params\5.7.0-M1\junit-jupiter-params-5.7.0-M1.jar;C:\Users\Alexander - PC\.m2\repository\org\junit\platform\junit-platform-surefire-provider\1.3.2\junit-platform-surefire-provider-1.3.2.jar;C:\Users\Alexander - PC\.m2\repository\org\apiguardian\apiguardian-api\1.0.0\apiguardian-api-1.0.0.jar;C:\Users\Alexander - PC\.m2\repository\org\junit\platform\junit-platform-launcher\1.3.2\junit-platform-launcher-1.3.2.jar;C:\Users\Alexander - PC\.m2\repository\org\apache\maven\surefire\surefire-api\2.22.0\surefire-api-2.22.0.jar;C:\Users\Alexander - PC\.m2\repository\org\apache\maven\surefire\surefire-logger-api\2.22.0\surefire-logger-api-2.22.0.jar;C:\Users\Alexander - PC\.m2\repository\org\apache\maven\surefire\common-java5\2.22.0\common-java5-2.22.0.jar;C:\Users\Alexander - PC\.m2\repository\org\junit\jupiter\junit-jupiter-engine\5.7.0-M1\junit-jupiter-engine-5.7.0-M1.jar;C:\Users\Alexander - PC\.m2\repository\org\junit\platform\junit-platform-engine\1.7.0-M1\junit-platform-engine-1.7.0-M1.jar;"/>
    <property name="java.vm.vendor" value="Oracle Corporation"/>
    <property name="sun.arch.data.model" value="64"/>
    <property name="user.variant" value=""/>
    <property name="java.vendor.url" value="http://java.oracle.com/"/>
    <property name="user.timezone" value="Europe/Helsinki"/>
    <property name="java.vm.specification.version" value="1.8"/>
    <property name="os.name" value="Windows 10"/>
    <property name="user.country" value="US"/>
    <property name="sun.java.launcher" value="SUN_STANDARD"/>
    <property name="sun.boot.library.path" value="C:\Program Files\Java\jdk1.8.0_241\jre\bin"/>
    <property name="sun.java.command" value="C:\Users\ALEXAN~1\AppData\Local\Temp\surefire3372719357969966882\surefirebooter7019265568735129425.jar C:\Users\Alexander - PC\AppData\Local\Temp\surefire3372719357969966882 2020-04-26T15-23-22_815-jvmRun1 surefire1500005003291239224tmp surefire_09041204194915754720tmp"/>
    <property name="surefire.test.class.path" value="C:\Users\Alexander - PC\Documents\projects\untitled\target\test-classes;C:\Users\Alexander - PC\Documents\projects\untitled\target\classes;C:\Users\Alexander - PC\.m2\repository\org\springframework\boot\spring-boot-starter-web\1.5.9.RELEASE\spring-boot-starter-web-1.5.9.RELEASE.jar;C:\Users\Alexander - PC\.m2\repository\org\springframework\boot\spring-boot-starter\1.5.9.RELEASE\spring-boot-starter-1.5.9.RELEASE.jar;C:\Users\Alexander - PC\.m2\repository\org\springframework\boot\spring-boot\1.5.9.RELEASE\spring-boot-1.5.9.RELEASE.jar;C:\Users\Alexander - PC\.m2\repository\org\springframework\boot\spring-boot-autoconfigure\1.5.9.RELEASE\spring-boot-autoconfigure-1.5.9.RELEASE.jar;C:\Users\Alexander - PC\.m2\repository\org\springframework\boot\spring-boot-starter-logging\1.5.9.RELEASE\spring-boot-starter-logging-1.5.9.RELEASE.jar;C:\Users\Alexander - PC\.m2\repository\ch\qos\logback\logback-classic\1.1.11\logback-classic-1.1.11.jar;C:\Users\Alexander - PC\.m2\repository\ch\qos\logback\logback-core\1.1.11\logback-core-1.1.11.jar;C:\Users\Alexander - PC\.m2\repository\org\slf4j\slf4j-api\1.7.25\slf4j-api-1.7.25.jar;C:\Users\Alexander - PC\.m2\repository\org\slf4j\jcl-over-slf4j\1.7.25\jcl-over-slf4j-1.7.25.jar;C:\Users\Alexander - PC\.m2\repository\org\slf4j\jul-to-slf4j\1.7.25\jul-to-slf4j-1.7.25.jar;C:\Users\Alexander - PC\.m2\repository\org\slf4j\log4j-over-slf4j\1.7.25\log4j-over-slf4j-1.7.25.jar;C:\Users\Alexander - PC\.m2\repository\org\springframework\spring-core\4.3.13.RELEASE\spring-core-4.3.13.RELEASE.jar;C:\Users\Alexander - PC\.m2\repository\org\yaml\snakeyaml\1.17\snakeyaml-1.17.jar;C:\Users\Alexander - PC\.m2\repository\org\springframework\boot\spring-boot-starter-tomcat\1.5.9.RELEASE\spring-boot-starter-tomcat-1.5.9.RELEASE.jar;C:\Users\Alexander - PC\.m2\repository\org\apache\tomcat\embed\tomcat-embed-core\8.5.23\tomcat-embed-core-8.5.23.jar;C:\Users\Alexander - PC\.m2\repository\org\apache\tomcat\tomcat-annotations-api\8.5.23\tomcat-annotations-api-8.5.23.jar;C:\Users\Alexander - PC\.m2\repository\org\apache\tomcat\embed\tomcat-embed-el\8.5.23\tomcat-embed-el-8.5.23.jar;C:\Users\Alexander - PC\.m2\repository\org\apache\tomcat\embed\tomcat-embed-websocket\8.5.23\tomcat-embed-websocket-8.5.23.jar;C:\Users\Alexander - PC\.m2\repository\org\hibernate\hibernate-validator\5.3.6.Final\hibernate-validator-5.3.6.Final.jar;C:\Users\Alexander - PC\.m2\repository\javax\validation\validation-api\1.1.0.Final\validation-api-1.1.0.Final.jar;C:\Users\Alexander - PC\.m2\repository\org\jboss\logging\jboss-logging\3.3.1.Final\jboss-logging-3.3.1.Final.jar;C:\Users\Alexander - PC\.m2\repository\com\fasterxml\classmate\1.3.4\classmate-1.3.4.jar;C:\Users\Alexander - PC\.m2\repository\com\fasterxml\jackson\core\jackson-databind\2.8.10\jackson-databind-2.8.10.jar;C:\Users\Alexander - PC\.m2\repository\com\fasterxml\jackson\core\jackson-annotations\2.8.0\jackson-annotations-2.8.0.jar;C:\Users\Alexander - PC\.m2\repository\com\fasterxml\jackson\core\jackson-core\2.8.10\jackson-core-2.8.10.jar;C:\Users\Alexander - PC\.m2\repository\org\springframework\spring-web\4.3.13.RELEASE\spring-web-4.3.13.RELEASE.jar;C:\Users\Alexander - PC\.m2\repository\org\springframework\spring-beans\4.3.13.RELEASE\spring-beans-4.3.13.RELEASE.jar;C:\Users\Alexander - PC\.m2\repository\org\springframework\spring-context\4.3.13.RELEASE\spring-context-4.3.13.RELEASE.jar;C:\Users\Alexander - PC\.m2\repository\org\springframework\spring-webmvc\4.3.13.RELEASE\spring-webmvc-4.3.13.RELEASE.jar;C:\Users\Alexander - PC\.m2\repository\org\springframework\spring-expression\4.3.13.RELEASE\spring-expression-4.3.13.RELEASE.jar;C:\Users\Alexander - PC\.m2\repository\org\springframework\boot\spring-boot-starter-security\1.5.9.RELEASE\spring-boot-starter-security-1.5.9.RELEASE.jar;C:\Users\Alexander - PC\.m2\repository\org\springframework\spring-aop\4.3.13.RELEASE\spring-aop-4.3.13.RELEASE.jar;C:\Users\Alexander - PC\.m2\repository\org\springframework\security\spring-security-config\4.2.3.RELEASE\spring-security-config-4.2.3.RELEASE.jar;C:\Users\Alexander - PC\.m2\repository\org\springframework\security\spring-security-core\4.2.3.RELEASE\spring-security-core-4.2.3.RELEASE.jar;C:\Users\Alexander - PC\.m2\repository\org\springframework\security\spring-security-web\4.2.3.RELEASE\spring-security-web-4.2.3.RELEASE.jar;C:\Users\Alexander - PC\.m2\repository\org\mongodb\mongodb-driver\3.12.2\mongodb-driver-3.12.2.jar;C:\Users\Alexander - PC\.m2\repository\org\mongodb\bson\3.12.2\bson-3.12.2.jar;C:\Users\Alexander - PC\.m2\repository\org\mongodb\mongodb-driver-core\3.12.2\mongodb-driver-core-3.12.2.jar;C:\Users\Alexander - PC\.m2\repository\org\json\json\20140107\json-20140107.jar;C:\Users\Alexander - PC\.m2\repository\com\googlecode\json-simple\json-simple\1.1.1\json-simple-1.1.1.jar;C:\Users\Alexander - PC\.m2\repository\junit\junit\4.12\junit-4.12.jar;C:\Users\Alexander - PC\.m2\repository\org\hamcrest\hamcrest-core\1.3\hamcrest-core-1.3.jar;C:\Users\Alexander - PC\.m2\repository\io\jsonwebtoken\jjwt\0.9.1\jjwt-0.9.1.jar;C:\Users\Alexander - PC\.m2\repository\javax\xml\bind\jaxb-api\2.4.0-b180830.0359\jaxb-api-2.4.0-b180830.0359.jar;C:\Users\Alexander - PC\.m2\repository\javax\activation\javax.activation-api\1.2.0\javax.activation-api-1.2.0.jar;C:\Users\Alexander - PC\.m2\repository\org\junit\jupiter\junit-jupiter\5.7.0-M1\junit-jupiter-5.7.0-M1.jar;C:\Users\Alexander - PC\.m2\repository\org\junit\jupiter\junit-jupiter-api\5.7.0-M1\junit-jupiter-api-5.7.0-M1.jar;C:\Users\Alexander - PC\.m2\repository\org\opentest4j\opentest4j\1.2.0\opentest4j-1.2.0.jar;C:\Users\Alexander - PC\.m2\repository\org\junit\platform\junit-platform-commons\1.7.0-M1\junit-platform-commons-1.7.0-M1.jar;C:\Users\Alexander - PC\.m2\repository\org\junit\jupiter\junit-jupiter-params\5.7.0-M1\junit-jupiter-params-5.7.0-M1.jar;C:\Users\Alexander - PC\.m2\repository\org\junit\platform\junit-platform-surefire-provider\1.3.2\junit-platform-surefire-provider-1.3.2.jar;C:\Users\Alexander - PC\.m2\repository\org\apiguardian\apiguardian-api\1.0.0\apiguardian-api-1.0.0.jar;C:\Users\Alexander - PC\.m2\repository\org\junit\platform\junit-platform-launcher\1.3.2\junit-platform-launcher-1.3.2.jar;C:\Users\Alexander - PC\.m2\repository\org\apache\maven\surefire\surefire-api\2.22.0\surefire-api-2.22.0.jar;C:\Users\Alexander - PC\.m2\repository\org\apache\maven\surefire\surefire-logger-api\2.22.0\surefire-logger-api-2.22.0.jar;C:\Users\Alexander - PC\.m2\repository\org\apache\maven\surefire\common-java5\2.22.0\common-java5-2.22.0.jar;C:\Users\Alexander - PC\.m2\repository\org\junit\jupiter\junit-jupiter-engine\5.7.0-M1\junit-jupiter-engine-5.7.0-M1.jar;C:\Users\Alexander - PC\.m2\repository\org\junit\platform\junit-platform-engine\1.7.0-M1\junit-platform-engine-1.7.0-M1.jar;"/>
    <property name="sun.cpu.endian" value="little"/>
    <property name="user.home" value="C:\Users\Alexander - PC"/>
    <property name="user.language" value="en"/>
    <property name="java.specification.vendor" value="Oracle Corporation"/>
    <property name="java.home" value="C:\Program Files\Java\jdk1.8.0_241\jre"/>
    <property name="basedir" value="C:\Users\Alexander - PC\Documents\projects\untitled"/>
    <property name="file.separator" value="\"/>
    <property name="line.separator" value="&#10;"/>
    <property name="java.vm.specification.vendor" value="Oracle Corporation"/>
    <property name="java.specification.name" value="Java Platform API Specification"/>
    <property name="java.awt.graphicsenv" value="sun.awt.Win32GraphicsEnvironment"/>
    <property name="surefire.real.class.path" value="C:\Users\ALEXAN~1\AppData\Local\Temp\surefire3372719357969966882\surefirebooter7019265568735129425.jar"/>
    <property name="sun.boot.class.path" value="C:\Program Files\Java\jdk1.8.0_241\jre\lib\resources.jar;C:\Program Files\Java\jdk1.8.0_241\jre\lib\rt.jar;C:\Program Files\Java\jdk1.8.0_241\jre\lib\sunrsasign.jar;C:\Program Files\Java\jdk1.8.0_241\jre\lib\jsse.jar;C:\Program Files\Java\jdk1.8.0_241\jre\lib\jce.jar;C:\Program Files\Java\jdk1.8.0_241\jre\lib\charsets.jar;C:\Program Files\Java\jdk1.8.0_241\jre\lib\jfr.jar;C:\Program Files\Java\jdk1.8.0_241\jre\classes"/>
    <property name="user.script" value=""/>
    <property name="sun.management.compiler" value="HotSpot 64-Bit Tiered Compilers"/>
    <property name="java.runtime.version" value="1.8.0_241-b07"/>
    <property name="user.name" value="Alexander - PC"/>
    <property name="path.separator" value=";"/>
    <property name="os.version" value="10.0"/>
    <property name="java.endorsed.dirs" value="C:\Program Files\Java\jdk1.8.0_241\jre\lib\endorsed"/>
    <property name="java.runtime.name" value="Java(TM) SE Runtime Environment"/>
    <property name="file.encoding" value="Cp1252"/>
    <property name="java.vm.name" value="Java HotSpot(TM) 64-Bit Server VM"/>
    <property name="localRepository" value="C:\Users\Alexander - PC\.m2\repository"/>
    <property name="java.vendor.url.bug" value="http://bugreport.sun.com/bugreport/"/>
    <property name="java.io.tmpdir" value="C:\Users\ALEXAN~1\AppData\Local\Temp\"/>
    <property name="java.version" value="1.8.0_241"/>
    <property name="user.dir" value="C:\Users\Alexander - PC\Documents\projects\untitled"/>
    <property name="os.arch" value="amd64"/>
    <property name="java.vm.specification.name" value="Java Virtual Machine Specification"/>
    <property name="java.awt.printerjob" value="sun.awt.windows.WPrinterJob"/>
    <property name="sun.os.patch.level" value=""/>
    <property name="java.library.path" value="C:\Program Files\Java\jdk1.8.0_241\jre\bin;C:\Windows\Sun\Java\bin;C:\Windows\system32;C:\Windows;C:\Program Files (x86)\Common Files\Oracle\Java\javapath;C:\Python27\;C:\Python27\Scripts;C:\Windows\system32;C:\Windows;C:\Windows\System32\Wbem;C:\Windows\System32\WindowsPowerShell\v1.0\;C:\Windows\System32\OpenSSH\;C:\Program Files (x86)\NVIDIA Corporation\PhysX\Common;C:\Program Files\NVIDIA Corporation\NVIDIA NvDLISR;C:\Program Files\MongoDB\Server\4.2\bin;C:\Program Files\nodejs\;C:\ProgramData\chocolatey\bin;D:\programs\Git\cmd;D:\programs\apache-maven-3.6.3\bin;C:\Program Files\Java\jdk1.8.0_241\bin;C:\Program Files (x86)\Bitvise SSH Client;C:\Program Files\PuTTY\;C:\Users\Alexander - PC\AppData\Local\Microsoft\WindowsApps;C:\Users\Alexander - PC\AppData\Roaming\npm;D:\programs\heroku\bin;C:\Users\Alexander - PC\AppData\Local\GitHubDesktop\bin;."/>
    <property name="java.vm.info" value="mixed mode"/>
    <property name="java.vendor" value="Oracle Corporation"/>
    <property name="java.vm.version" value="25.241-b07"/>
    <property name="java.ext.dirs" value="C:\Program Files\Java\jdk1.8.0_241\jre\lib\ext;C:\Windows\Sun\Java\lib\ext"/>
    <property name="sun.io.unicode.encoding" value="UnicodeLittle"/>
    <property name="java.class.version" value="52.0"/>
  </properties>
  <testcase name="getWorkerByEmail" classname="MyTest" time="3.145"/>
  <testcase name="getOneRestaurant" classname="MyTest" time="1.013">
    <failure message="expected:&lt;[{&quot;Address&quot;:&quot;Kalvariju g. 55&quot;,&quot;id&quot;:1}]&gt; but was:&lt;[{&quot;address&quot;:&quot;Kalvariju g. 55&quot;,&quot;id&quot;:1}]&gt;" type="java.lang.AssertionError"><![CDATA[java.lang.AssertionError: expected:<[{"Address":"Kalvariju g. 55","id":1}]> but was:<[{"address":"Kalvariju g. 55","id":1}]>
	at MyTest.getOneRestaurant(MyTest.java:19)
]]></failure>
    <system-out><![CDATA[15:23:26.994 [main] INFO org.mongodb.driver.cluster - Cluster created with settings {hosts=[127.0.0.1:27017], srvHost=cluster0-ekcge.mongodb.net, mode=MULTIPLE, requiredClusterType=REPLICA_SET, serverSelectionTimeout='30000 ms', maxWaitQueueSize=500, requiredReplicaSetName='Cluster0-shard-0'}
15:23:26.994 [main] INFO org.mongodb.driver.cluster - Cluster description not yet available. Waiting for 30000 ms before timing out
15:23:27.007 [cluster-ClusterId{value='5ea57d3e456d030b12170a68', description='null'}-srv-cluster0-ekcge.mongodb.net] INFO org.mongodb.driver.cluster - Adding discovered server cluster0-shard-00-01-ekcge.mongodb.net:27017 to client view of cluster
15:23:27.008 [cluster-ClusterId{value='5ea57d3e456d030b12170a68', description='null'}-srv-cluster0-ekcge.mongodb.net] INFO org.mongodb.driver.cluster - Adding discovered server cluster0-shard-00-02-ekcge.mongodb.net:27017 to client view of cluster
15:23:27.008 [cluster-ClusterId{value='5ea57d3e456d030b12170a68', description='null'}-srv-cluster0-ekcge.mongodb.net] INFO org.mongodb.driver.cluster - Adding discovered server cluster0-shard-00-00-ekcge.mongodb.net:27017 to client view of cluster
15:23:27.009 [cluster-ClusterId{value='5ea57d3e456d030b12170a68', description='null'}-srv-cluster0-ekcge.mongodb.net] DEBUG org.mongodb.driver.cluster - Updating cluster description to  {type=REPLICA_SET, servers=[{address=cluster0-shard-00-02-ekcge.mongodb.net:27017, type=UNKNOWN, state=CONNECTING}, {address=cluster0-shard-00-00-ekcge.mongodb.net:27017, type=UNKNOWN, state=CONNECTING}, {address=cluster0-shard-00-01-ekcge.mongodb.net:27017, type=UNKNOWN, state=CONNECTING}]
15:23:27.009 [main] INFO org.mongodb.driver.cluster - No server chosen by com.mongodb.client.internal.MongoClientDelegate$1@68e965f5 from cluster description ClusterDescription{type=REPLICA_SET, connectionMode=MULTIPLE, serverDescriptions=[ServerDescription{address=cluster0-shard-00-02-ekcge.mongodb.net:27017, type=UNKNOWN, state=CONNECTING}, ServerDescription{address=cluster0-shard-00-00-ekcge.mongodb.net:27017, type=UNKNOWN, state=CONNECTING}, ServerDescription{address=cluster0-shard-00-01-ekcge.mongodb.net:27017, type=UNKNOWN, state=CONNECTING}]}. Waiting for 30000 ms before timing out
15:23:27.293 [cluster-ClusterId{value='5ea57d3e456d030b12170a68', description='null'}-cluster0-shard-00-01-ekcge.mongodb.net:27017] INFO org.mongodb.driver.connection - Opened connection [connectionId{localValue:9, serverValue:58480}] to cluster0-shard-00-01-ekcge.mongodb.net:27017
15:23:27.293 [cluster-ClusterId{value='5ea57d3e456d030b12170a68', description='null'}-cluster0-shard-00-01-ekcge.mongodb.net:27017] DEBUG org.mongodb.driver.cluster - Checking status of cluster0-shard-00-01-ekcge.mongodb.net:27017
15:23:27.294 [cluster-ClusterId{value='5ea57d3e456d030b12170a68', description='null'}-cluster0-shard-00-01-ekcge.mongodb.net:27017] DEBUG org.mongodb.driver.protocol.command - Sending command '{"ismaster": 1, "$db": "admin"}' with request id 38 to database admin on connection [connectionId{localValue:9, serverValue:58480}] to server cluster0-shard-00-01-ekcge.mongodb.net:27017
15:23:27.305 [cluster-ClusterId{value='5ea57d3e456d030b12170a68', description='null'}-cluster0-shard-00-02-ekcge.mongodb.net:27017] INFO org.mongodb.driver.connection - Opened connection [connectionId{localValue:10, serverValue:135191}] to cluster0-shard-00-02-ekcge.mongodb.net:27017
15:23:27.306 [cluster-ClusterId{value='5ea57d3e456d030b12170a68', description='null'}-cluster0-shard-00-02-ekcge.mongodb.net:27017] DEBUG org.mongodb.driver.cluster - Checking status of cluster0-shard-00-02-ekcge.mongodb.net:27017
15:23:27.306 [cluster-ClusterId{value='5ea57d3e456d030b12170a68', description='null'}-cluster0-shard-00-02-ekcge.mongodb.net:27017] DEBUG org.mongodb.driver.protocol.command - Sending command '{"ismaster": 1, "$db": "admin"}' with request id 39 to database admin on connection [connectionId{localValue:10, serverValue:135191}] to server cluster0-shard-00-02-ekcge.mongodb.net:27017
15:23:27.314 [cluster-ClusterId{value='5ea57d3e456d030b12170a68', description='null'}-cluster0-shard-00-00-ekcge.mongodb.net:27017] INFO org.mongodb.driver.connection - Opened connection [connectionId{localValue:11, serverValue:58313}] to cluster0-shard-00-00-ekcge.mongodb.net:27017
15:23:27.314 [cluster-ClusterId{value='5ea57d3e456d030b12170a68', description='null'}-cluster0-shard-00-00-ekcge.mongodb.net:27017] DEBUG org.mongodb.driver.cluster - Checking status of cluster0-shard-00-00-ekcge.mongodb.net:27017
15:23:27.314 [cluster-ClusterId{value='5ea57d3e456d030b12170a68', description='null'}-cluster0-shard-00-00-ekcge.mongodb.net:27017] DEBUG org.mongodb.driver.protocol.command - Sending command '{"ismaster": 1, "$db": "admin"}' with request id 40 to database admin on connection [connectionId{localValue:11, serverValue:58313}] to server cluster0-shard-00-00-ekcge.mongodb.net:27017
15:23:27.348 [cluster-ClusterId{value='5ea57d3e456d030b12170a68', description='null'}-cluster0-shard-00-01-ekcge.mongodb.net:27017] DEBUG org.mongodb.driver.protocol.command - Execution of command with request id 38 completed successfully in 54.40 ms on connection [connectionId{localValue:9, serverValue:58480}] to server cluster0-shard-00-01-ekcge.mongodb.net:27017
15:23:27.348 [cluster-ClusterId{value='5ea57d3e456d030b12170a68', description='null'}-cluster0-shard-00-01-ekcge.mongodb.net:27017] INFO org.mongodb.driver.cluster - Monitor thread successfully connected to server with description ServerDescription{address=cluster0-shard-00-01-ekcge.mongodb.net:27017, type=REPLICA_SET_SECONDARY, state=CONNECTED, ok=true, version=ServerVersion{versionList=[4, 2, 6]}, minWireVersion=0, maxWireVersion=8, maxDocumentSize=16777216, logicalSessionTimeoutMinutes=30, roundTripTimeNanos=54963500, setName='Cluster0-shard-0', canonicalAddress=cluster0-shard-00-01-ekcge.mongodb.net:27017, hosts=[cluster0-shard-00-00-ekcge.mongodb.net:27017, cluster0-shard-00-01-ekcge.mongodb.net:27017, cluster0-shard-00-02-ekcge.mongodb.net:27017], passives=[], arbiters=[], primary='cluster0-shard-00-02-ekcge.mongodb.net:27017', tagSet=TagSet{[Tag{name='nodeType', value='ELECTABLE'}, Tag{name='provider', value='AWS'}, Tag{name='region', value='EU_WEST_1'}]}, electionId=null, setVersion=2, lastWriteDate=Sun Apr 26 15:23:20 EEST 2020, lastUpdateTimeNanos=1827248538700}
15:23:27.349 [cluster-ClusterId{value='5ea57d3e456d030b12170a68', description='null'}-cluster0-shard-00-01-ekcge.mongodb.net:27017] DEBUG org.mongodb.driver.cluster - Updating cluster description to  {type=REPLICA_SET, servers=[{address=cluster0-shard-00-02-ekcge.mongodb.net:27017, type=UNKNOWN, state=CONNECTING}, {address=cluster0-shard-00-00-ekcge.mongodb.net:27017, type=UNKNOWN, state=CONNECTING}, {address=cluster0-shard-00-01-ekcge.mongodb.net:27017, type=REPLICA_SET_SECONDARY, TagSet{[Tag{name='nodeType', value='ELECTABLE'}, Tag{name='provider', value='AWS'}, Tag{name='region', value='EU_WEST_1'}]}, roundTripTime=55.0 ms, state=CONNECTED}]
15:23:27.349 [main] INFO org.mongodb.driver.cluster - No server chosen by ReadPreferenceServerSelector{readPreference=primary} from cluster description ClusterDescription{type=REPLICA_SET, connectionMode=MULTIPLE, serverDescriptions=[ServerDescription{address=cluster0-shard-00-02-ekcge.mongodb.net:27017, type=UNKNOWN, state=CONNECTING}, ServerDescription{address=cluster0-shard-00-00-ekcge.mongodb.net:27017, type=UNKNOWN, state=CONNECTING}, ServerDescription{address=cluster0-shard-00-01-ekcge.mongodb.net:27017, type=REPLICA_SET_SECONDARY, state=CONNECTED, ok=true, version=ServerVersion{versionList=[4, 2, 6]}, minWireVersion=0, maxWireVersion=8, maxDocumentSize=16777216, logicalSessionTimeoutMinutes=30, roundTripTimeNanos=54963500, setName='Cluster0-shard-0', canonicalAddress=cluster0-shard-00-01-ekcge.mongodb.net:27017, hosts=[cluster0-shard-00-00-ekcge.mongodb.net:27017, cluster0-shard-00-01-ekcge.mongodb.net:27017, cluster0-shard-00-02-ekcge.mongodb.net:27017], passives=[], arbiters=[], primary='cluster0-shard-00-02-ekcge.mongodb.net:27017', tagSet=TagSet{[Tag{name='nodeType', value='ELECTABLE'}, Tag{name='provider', value='AWS'}, Tag{name='region', value='EU_WEST_1'}]}, electionId=null, setVersion=2, lastWriteDate=Sun Apr 26 15:23:20 EEST 2020, lastUpdateTimeNanos=1827248538700}]}. Waiting for 30000 ms before timing out
15:23:27.363 [cluster-ClusterId{value='5ea57d3e456d030b12170a68', description='null'}-cluster0-shard-00-02-ekcge.mongodb.net:27017] DEBUG org.mongodb.driver.protocol.command - Execution of command with request id 39 completed successfully in 56.78 ms on connection [connectionId{localValue:10, serverValue:135191}] to server cluster0-shard-00-02-ekcge.mongodb.net:27017
15:23:27.363 [cluster-ClusterId{value='5ea57d3e456d030b12170a68', description='null'}-cluster0-shard-00-02-ekcge.mongodb.net:27017] INFO org.mongodb.driver.cluster - Monitor thread successfully connected to server with description ServerDescription{address=cluster0-shard-00-02-ekcge.mongodb.net:27017, type=REPLICA_SET_PRIMARY, state=CONNECTED, ok=true, version=ServerVersion{versionList=[4, 2, 6]}, minWireVersion=0, maxWireVersion=8, maxDocumentSize=16777216, logicalSessionTimeoutMinutes=30, roundTripTimeNanos=57410500, setName='Cluster0-shard-0', canonicalAddress=cluster0-shard-00-02-ekcge.mongodb.net:27017, hosts=[cluster0-shard-00-00-ekcge.mongodb.net:27017, cluster0-shard-00-01-ekcge.mongodb.net:27017, cluster0-shard-00-02-ekcge.mongodb.net:27017], passives=[], arbiters=[], primary='cluster0-shard-00-02-ekcge.mongodb.net:27017', tagSet=TagSet{[Tag{name='nodeType', value='ELECTABLE'}, Tag{name='provider', value='AWS'}, Tag{name='region', value='EU_WEST_1'}]}, electionId=7fffffff0000000000000005, setVersion=2, lastWriteDate=Sun Apr 26 15:23:20 EEST 2020, lastUpdateTimeNanos=1827263480600}
15:23:27.363 [cluster-ClusterId{value='5ea57d3e456d030b12170a68', description='null'}-cluster0-shard-00-02-ekcge.mongodb.net:27017] INFO org.mongodb.driver.cluster - Setting max election id to 7fffffff0000000000000005 from replica set primary cluster0-shard-00-02-ekcge.mongodb.net:27017
15:23:27.364 [cluster-ClusterId{value='5ea57d3e456d030b12170a68', description='null'}-cluster0-shard-00-02-ekcge.mongodb.net:27017] INFO org.mongodb.driver.cluster - Setting max set version to 2 from replica set primary cluster0-shard-00-02-ekcge.mongodb.net:27017
15:23:27.364 [cluster-ClusterId{value='5ea57d3e456d030b12170a68', description='null'}-cluster0-shard-00-02-ekcge.mongodb.net:27017] INFO org.mongodb.driver.cluster - Discovered replica set primary cluster0-shard-00-02-ekcge.mongodb.net:27017
15:23:27.365 [cluster-ClusterId{value='5ea57d3e456d030b12170a68', description='null'}-cluster0-shard-00-02-ekcge.mongodb.net:27017] DEBUG org.mongodb.driver.cluster - Updating cluster description to  {type=REPLICA_SET, servers=[{address=cluster0-shard-00-02-ekcge.mongodb.net:27017, type=REPLICA_SET_PRIMARY, TagSet{[Tag{name='nodeType', value='ELECTABLE'}, Tag{name='provider', value='AWS'}, Tag{name='region', value='EU_WEST_1'}]}, roundTripTime=57.4 ms, state=CONNECTED}, {address=cluster0-shard-00-00-ekcge.mongodb.net:27017, type=UNKNOWN, state=CONNECTING}, {address=cluster0-shard-00-01-ekcge.mongodb.net:27017, type=REPLICA_SET_SECONDARY, TagSet{[Tag{name='nodeType', value='ELECTABLE'}, Tag{name='provider', value='AWS'}, Tag{name='region', value='EU_WEST_1'}]}, roundTripTime=55.0 ms, state=CONNECTED}]
15:23:27.377 [cluster-ClusterId{value='5ea57d3e456d030b12170a68', description='null'}-cluster0-shard-00-00-ekcge.mongodb.net:27017] DEBUG org.mongodb.driver.protocol.command - Execution of command with request id 40 completed successfully in 63.35 ms on connection [connectionId{localValue:11, serverValue:58313}] to server cluster0-shard-00-00-ekcge.mongodb.net:27017
15:23:27.378 [cluster-ClusterId{value='5ea57d3e456d030b12170a68', description='null'}-cluster0-shard-00-00-ekcge.mongodb.net:27017] INFO org.mongodb.driver.cluster - Monitor thread successfully connected to server with description ServerDescription{address=cluster0-shard-00-00-ekcge.mongodb.net:27017, type=REPLICA_SET_SECONDARY, state=CONNECTED, ok=true, version=ServerVersion{versionList=[4, 2, 6]}, minWireVersion=0, maxWireVersion=8, maxDocumentSize=16777216, logicalSessionTimeoutMinutes=30, roundTripTimeNanos=63917300, setName='Cluster0-shard-0', canonicalAddress=cluster0-shard-00-00-ekcge.mongodb.net:27017, hosts=[cluster0-shard-00-00-ekcge.mongodb.net:27017, cluster0-shard-00-01-ekcge.mongodb.net:27017, cluster0-shard-00-02-ekcge.mongodb.net:27017], passives=[], arbiters=[], primary='cluster0-shard-00-02-ekcge.mongodb.net:27017', tagSet=TagSet{[Tag{name='nodeType', value='ELECTABLE'}, Tag{name='provider', value='AWS'}, Tag{name='region', value='EU_WEST_1'}]}, electionId=null, setVersion=2, lastWriteDate=Sun Apr 26 15:23:20 EEST 2020, lastUpdateTimeNanos=1827278163800}
15:23:27.378 [cluster-ClusterId{value='5ea57d3e456d030b12170a68', description='null'}-cluster0-shard-00-00-ekcge.mongodb.net:27017] DEBUG org.mongodb.driver.cluster - Updating cluster description to  {type=REPLICA_SET, servers=[{address=cluster0-shard-00-02-ekcge.mongodb.net:27017, type=REPLICA_SET_PRIMARY, TagSet{[Tag{name='nodeType', value='ELECTABLE'}, Tag{name='provider', value='AWS'}, Tag{name='region', value='EU_WEST_1'}]}, roundTripTime=57.4 ms, state=CONNECTED}, {address=cluster0-shard-00-00-ekcge.mongodb.net:27017, type=REPLICA_SET_SECONDARY, TagSet{[Tag{name='nodeType', value='ELECTABLE'}, Tag{name='provider', value='AWS'}, Tag{name='region', value='EU_WEST_1'}]}, roundTripTime=63.9 ms, state=CONNECTED}, {address=cluster0-shard-00-01-ekcge.mongodb.net:27017, type=REPLICA_SET_SECONDARY, TagSet{[Tag{name='nodeType', value='ELECTABLE'}, Tag{name='provider', value='AWS'}, Tag{name='region', value='EU_WEST_1'}]}, roundTripTime=55.0 ms, state=CONNECTED}]
15:23:27.847 [main] INFO org.mongodb.driver.connection - Opened connection [connectionId{localValue:12, serverValue:135191}] to cluster0-shard-00-02-ekcge.mongodb.net:27017
15:23:27.848 [cluster-ClusterId{value='5ea57d3e456d030b12170a68', description='null'}-cluster0-shard-00-01-ekcge.mongodb.net:27017] DEBUG org.mongodb.driver.cluster - Checking status of cluster0-shard-00-01-ekcge.mongodb.net:27017
15:23:27.848 [main] DEBUG org.mongodb.driver.protocol.command - Sending command '{"find": "workers", "filter": {"Email": "algimantas@example.example"}, "limit": 1, "singleBatch": true, "$db": "restaurant_chain", "$clusterTime": {"clusterTime": {"$timestamp": {"t": 1587903800, "i": 2}}, "signature": {"hash": {"$binary": {"base64": "YDcyBGK9fZNw/qHPSOc2O9lXuWg=", "subType": "00"}}, "keyId": 6806345140530053122}}, "lsid": {"id": {"$binary": {"base64": "fuoKiTDRTNKWdrN6f2lTmg==", "subType": "04"}}}}' with request id 46 to database restaurant_chain on connection [connectionId{localValue:12, serverValue:135191}] to server cluster0-shard-00-02-ekcge.mongodb.net:27017
15:23:27.848 [cluster-ClusterId{value='5ea57d3e456d030b12170a68', description='null'}-cluster0-shard-00-01-ekcge.mongodb.net:27017] DEBUG org.mongodb.driver.protocol.command - Sending command '{"ismaster": 1, "$db": "admin", "$clusterTime": {"clusterTime": {"$timestamp": {"t": 1587903800, "i": 2}}, "signature": {"hash": {"$binary": {"base64": "YDcyBGK9fZNw/qHPSOc2O9lXuWg=", "subType": "00"}}, "keyId": 6806345140530053122}}}' with request id 47 to database admin on connection [connectionId{localValue:9, serverValue:58480}] to server cluster0-shard-00-01-ekcge.mongodb.net:27017
15:23:27.904 [cluster-ClusterId{value='5ea57d3e456d030b12170a68', description='null'}-cluster0-shard-00-01-ekcge.mongodb.net:27017] DEBUG org.mongodb.driver.protocol.command - Execution of command with request id 47 completed successfully in 56.09 ms on connection [connectionId{localValue:9, serverValue:58480}] to server cluster0-shard-00-01-ekcge.mongodb.net:27017
15:23:27.905 [cluster-ClusterId{value='5ea57d3e456d030b12170a68', description='null'}-cluster0-shard-00-01-ekcge.mongodb.net:27017] DEBUG org.mongodb.driver.cluster - Updating cluster description to  {type=REPLICA_SET, servers=[{address=cluster0-shard-00-02-ekcge.mongodb.net:27017, type=REPLICA_SET_PRIMARY, TagSet{[Tag{name='nodeType', value='ELECTABLE'}, Tag{name='provider', value='AWS'}, Tag{name='region', value='EU_WEST_1'}]}, roundTripTime=57.4 ms, state=CONNECTED}, {address=cluster0-shard-00-00-ekcge.mongodb.net:27017, type=REPLICA_SET_SECONDARY, TagSet{[Tag{name='nodeType', value='ELECTABLE'}, Tag{name='provider', value='AWS'}, Tag{name='region', value='EU_WEST_1'}]}, roundTripTime=63.9 ms, state=CONNECTED}, {address=cluster0-shard-00-01-ekcge.mongodb.net:27017, type=REPLICA_SET_SECONDARY, TagSet{[Tag{name='nodeType', value='ELECTABLE'}, Tag{name='provider', value='AWS'}, Tag{name='region', value='EU_WEST_1'}]}, roundTripTime=55.3 ms, state=CONNECTED}]
15:23:27.907 [main] DEBUG org.mongodb.driver.protocol.command - Execution of command with request id 46 completed successfully in 59.96 ms on connection [connectionId{localValue:12, serverValue:135191}] to server cluster0-shard-00-02-ekcge.mongodb.net:27017
WORKER DETECTED
{"address":"Kalvariju g. 55","id":1}
15:23:27.910 [main] DEBUG org.mongodb.driver.protocol.command - Sending command '{"endSessions": [{"id": {"$binary": {"base64": "fuoKiTDRTNKWdrN6f2lTmg==", "subType": "04"}}}], "$db": "admin", "$clusterTime": {"clusterTime": {"$timestamp": {"t": 1587903804, "i": 4}}, "signature": {"hash": {"$binary": {"base64": "LRth3LQG5k8KtxkzGKJ3a7kNEDo=", "subType": "00"}}, "keyId": 6806345140530053122}}, "$readPreference": {"mode": "primaryPreferred"}}' with request id 48 to database admin on connection [connectionId{localValue:12, serverValue:135191}] to server cluster0-shard-00-02-ekcge.mongodb.net:27017
15:23:27.970 [main] DEBUG org.mongodb.driver.protocol.command - Execution of command with request id 48 completed successfully in 59.88 ms on connection [connectionId{localValue:12, serverValue:135191}] to server cluster0-shard-00-02-ekcge.mongodb.net:27017
15:23:27.971 [main] INFO org.mongodb.driver.connection - Closed connection [connectionId{localValue:12, serverValue:135191}] to cluster0-shard-00-02-ekcge.mongodb.net:27017 because the pool has been closed.
15:23:27.971 [main] DEBUG org.mongodb.driver.connection - Closing connection connectionId{localValue:12, serverValue:135191}
15:23:27.972 [cluster-ClusterId{value='5ea57d3e456d030b12170a68', description='null'}-cluster0-shard-00-02-ekcge.mongodb.net:27017] DEBUG org.mongodb.driver.connection - Closing connection connectionId{localValue:10, serverValue:135191}
15:23:27.972 [cluster-ClusterId{value='5ea57d3e456d030b12170a68', description='null'}-cluster0-shard-00-01-ekcge.mongodb.net:27017] DEBUG org.mongodb.driver.connection - Closing connection connectionId{localValue:9, serverValue:58480}
15:23:27.972 [cluster-ClusterId{value='5ea57d3e456d030b12170a68', description='null'}-cluster0-shard-00-00-ekcge.mongodb.net:27017] DEBUG org.mongodb.driver.connection - Closing connection connectionId{localValue:11, serverValue:58313}
]]></system-out>
  </testcase>
</testsuite>